<?xml version="1.0" encoding="UTF-8" ?>
<testsuite failures="0" time="0.033" errors="0" skipped="0" tests="22" name="net.java.javamoney.ri.core.MoneyCurrency_BuilderTest">
  <properties>
    <property name="java.runtime.name" value="Java(TM) SE Runtime Environment"/>
    <property name="sun.boot.library.path" value="C:\Program Files\Java\jdk1.7.0_09\jre\bin"/>
    <property name="java.vm.version" value="23.5-b02"/>
    <property name="java.vm.vendor" value="Oracle Corporation"/>
    <property name="java.vendor.url" value="http://java.oracle.com/"/>
    <property name="path.separator" value=";"/>
    <property name="guice.disable.misplaced.annotation.check" value="true"/>
    <property name="java.vm.name" value="Java HotSpot(TM) 64-Bit Server VM"/>
    <property name="file.encoding.pkg" value="sun.io"/>
    <property name="user.script" value=""/>
    <property name="user.country" value="CH"/>
    <property name="sun.java.launcher" value="SUN_STANDARD"/>
    <property name="sun.os.patch.level" value="Service Pack 1"/>
    <property name="java.vm.specification.name" value="Java Virtual Machine Specification"/>
    <property name="user.dir" value="C:\workspace\javamoney"/>
    <property name="java.runtime.version" value="1.7.0_09-b05"/>
    <property name="java.awt.graphicsenv" value="sun.awt.Win32GraphicsEnvironment"/>
    <property name="java.endorsed.dirs" value="C:\Program Files\Java\jdk1.7.0_09\jre\lib\endorsed"/>
    <property name="os.arch" value="amd64"/>
    <property name="java.io.tmpdir" value="C:\Users\Anatole\AppData\Local\Temp\"/>
    <property name="line.separator" value="
"/>
    <property name="java.vm.specification.vendor" value="Oracle Corporation"/>
    <property name="user.variant" value=""/>
    <property name="os.name" value="Windows 7"/>
    <property name="classworlds.conf" value="C:\workspace\.metadata\.plugins\org.eclipse.m2e.core\launches\m2conf5252254024262734261.tmp"/>
    <property name="sun.jnu.encoding" value="Cp1252"/>
    <property name="java.library.path" value="C:\Program Files\Java\jdk1.7.0_09\bin;C:\Windows\Sun\Java\bin;C:\Windows\system32;C:\Windows;C:\Windows\system32;C:\Windows;C:\Windows\System32\Wbem;C:\Windows\System32\WindowsPowerShell\v1.0\;C:\Program Files\Intel\WiFi\bin\;C:\Program Files\Common Files\Intel\WirelessCommon\;C:\Program Files (x86)\Common Files\Roxio Shared\DLLShared\;C:\Program Files (x86)\Common Files\Roxio Shared\OEM\DLLShared\;C:\Program Files (x86)\Common Files\Roxio Shared\OEM\DLLShared\;C:\Program Files (x86)\Common Files\Roxio Shared\OEM\12.0\DLLShared\;C:\Program Files (x86)\Roxio\OEM\AudioCore\;C:\Program Files (x86)\QuickTime\QTSystem\;C:\apps\apache-maven-3.0.4\bin;."/>
    <property name="java.specification.name" value="Java Platform API Specification"/>
    <property name="java.class.version" value="51.0"/>
    <property name="sun.management.compiler" value="HotSpot 64-Bit Tiered Compilers"/>
    <property name="os.version" value="6.1"/>
    <property name="user.home" value="C:\Users\Anatole"/>
    <property name="user.timezone" value="Europe/Berlin"/>
    <property name="java.awt.printerjob" value="sun.awt.windows.WPrinterJob"/>
    <property name="java.specification.version" value="1.7"/>
    <property name="file.encoding" value="Cp1252"/>
    <property name="user.name" value="Anatole"/>
    <property name="java.class.path" value="C:\apps\apache-maven-3.0.4\boot\plexus-classworlds-2.4.jar"/>
    <property name="java.vm.specification.version" value="1.7"/>
    <property name="sun.arch.data.model" value="64"/>
    <property name="java.home" value="C:\Program Files\Java\jdk1.7.0_09\jre"/>
    <property name="sun.java.command" value="org.codehaus.plexus.classworlds.launcher.Launcher -B -s C:\Users\Anatole\.m2\settings.xml test"/>
    <property name="java.specification.vendor" value="Oracle Corporation"/>
    <property name="user.language" value="de"/>
    <property name="awt.toolkit" value="sun.awt.windows.WToolkit"/>
    <property name="java.vm.info" value="mixed mode"/>
    <property name="java.version" value="1.7.0_09"/>
    <property name="java.ext.dirs" value="C:\Program Files\Java\jdk1.7.0_09\jre\lib\ext;C:\Windows\Sun\Java\lib\ext"/>
    <property name="sun.boot.class.path" value="C:\Program Files\Java\jdk1.7.0_09\jre\lib\resources.jar;C:\Program Files\Java\jdk1.7.0_09\jre\lib\rt.jar;C:\Program Files\Java\jdk1.7.0_09\jre\lib\sunrsasign.jar;C:\Program Files\Java\jdk1.7.0_09\jre\lib\jsse.jar;C:\Program Files\Java\jdk1.7.0_09\jre\lib\jce.jar;C:\Program Files\Java\jdk1.7.0_09\jre\lib\charsets.jar;C:\Program Files\Java\jdk1.7.0_09\jre\lib\jfr.jar;C:\Program Files\Java\jdk1.7.0_09\jre\classes"/>
    <property name="java.vendor" value="Oracle Corporation"/>
    <property name="maven.home" value="C:\apps\apache-maven-3.0.4"/>
    <property name="file.separator" value="\"/>
    <property name="java.vendor.url.bug" value="http://bugreport.sun.com/bugreport/"/>
    <property name="sun.cpu.endian" value="little"/>
    <property name="sun.io.unicode.encoding" value="UnicodeLittle"/>
    <property name="sun.desktop" value="windows"/>
    <property name="sun.cpu.isalist" value="amd64"/>
  </properties>
  <testcase time="0.001" classname="net.java.javamoney.ri.core.MoneyCurrency_BuilderTest" name="testBuilder"/>
  <testcase time="0.017" classname="net.java.javamoney.ri.core.MoneyCurrency_BuilderTest" name="testBuild"/>
  <testcase time="0" classname="net.java.javamoney.ri.core.MoneyCurrency_BuilderTest" name="testGetAttributeKeys"/>
  <testcase time="0" classname="net.java.javamoney.ri.core.MoneyCurrency_BuilderTest" name="testGetAttributeType"/>
  <testcase time="0" classname="net.java.javamoney.ri.core.MoneyCurrency_BuilderTest" name="testBuilderString"/>
  <testcase time="0.001" classname="net.java.javamoney.ri.core.MoneyCurrency_BuilderTest" name="testBuilderString_BadCase"/>
  <testcase time="0" classname="net.java.javamoney.ri.core.MoneyCurrency_BuilderTest" name="testBuilderStringString"/>
  <testcase time="0" classname="net.java.javamoney.ri.core.MoneyCurrency_BuilderTest" name="testGetSetNamespace"/>
  <testcase time="0.001" classname="net.java.javamoney.ri.core.MoneyCurrency_BuilderTest" name="testGetSetCurrencyCode"/>
  <testcase time="0" classname="net.java.javamoney.ri.core.MoneyCurrency_BuilderTest" name="testGetSetNumericCode"/>
  <testcase time="0" classname="net.java.javamoney.ri.core.MoneyCurrency_BuilderTest" name="testGetSetValidFrom"/>
  <testcase time="0.001" classname="net.java.javamoney.ri.core.MoneyCurrency_BuilderTest" name="testSetValidUntil"/>
  <testcase time="0" classname="net.java.javamoney.ri.core.MoneyCurrency_BuilderTest" name="testGetSetLegalTender"/>
  <testcase time="0" classname="net.java.javamoney.ri.core.MoneyCurrency_BuilderTest" name="testGetSetVirtual"/>
  <testcase time="0" classname="net.java.javamoney.ri.core.MoneyCurrency_BuilderTest" name="testGetSetAttribute"/>
  <testcase time="0.001" classname="net.java.javamoney.ri.core.MoneyCurrency_BuilderTest" name="testRemoveAttribute"/>
  <testcase time="0" classname="net.java.javamoney.ri.core.MoneyCurrency_BuilderTest" name="testGetSetValidUntil"/>
  <testcase time="0" classname="net.java.javamoney.ri.core.MoneyCurrency_BuilderTest" name="testIsBuildable"/>
  <testcase time="0" classname="net.java.javamoney.ri.core.MoneyCurrency_BuilderTest" name="testBuildBoolean"/>
  <testcase time="0" classname="net.java.javamoney.ri.core.MoneyCurrency_BuilderTest" name="testGetSetDefaultFractionDigits"/>
  <testcase time="0" classname="net.java.javamoney.ri.core.MoneyCurrency_BuilderTest" name="testGetSetDefaultFractionDigits_InvalidInput"/>
  <testcase time="0" classname="net.java.javamoney.ri.core.MoneyCurrency_BuilderTest" name="testGetSetNumericCode_InvalidInput"/>
</testsuite>